<?xml version="1.0" encoding="utf-8"?><testsuites name="pytest tests"><testsuite name="pytest" errors="0" failures="0" skipped="0" tests="13" time="4.101" timestamp="2026-08-30T02:11:07.184600+00:00" hostname="agent-env-f727c723-4729-485a-a339-3eee22541004"><testcase classname="tests.test_iter13_whatsapp.TestBusiness" name="test_maps_query_present" time="0.129" /><testcase classname="tests.test_iter13_whatsapp.TestCreateWithWhatsapp" name="test_create_returns_links_and_persists" time="0.526" /><testcase classname="tests.test_iter13_whatsapp.TestCreateWithWhatsapp" name="test_create_without_email_ok" time="0.184" /><testcase classname="tests.test_iter13_whatsapp.TestAdminAuthGuards" name="test_confirmar_requires_auth" time="0.046" /><testcase classname="tests.test_iter13_whatsapp.TestAdminAuthGuards" name="test_recordatorio_requires_auth" time="0.043" /><testcase classname="tests.test_iter13_whatsapp.TestAdminAuthGuards" name="test_confirmar_bad_token" time="0.047" /><testcase classname="tests.test_iter13_whatsapp.TestAdminAuthGuards" name="test_confirmar_404_unknown_id" time="0.052" /><testcase classname="tests.test_iter13_whatsapp.TestAdminAuthGuards" name="test_recordatorio_404_unknown_id" time="0.045" /><testcase classname="tests.test_iter13_whatsapp.TestConfirmarRecordatorio" name="test_flow" time="0.371" /><testcase classname="tests.test_iter13_whatsapp.TestCronAuth" name="test_no_token" time="0.044" /><testcase classname="tests.test_iter13_whatsapp.TestCronAuth" name="test_bad_token" time="0.052" /><testcase classname="tests.test_iter13_whatsapp.TestCronAuth" name="test_good_token" time="0.043" /><testcase classname="tests.test_iter13_whatsapp.TestCronEndToEnd" name="test_reminder_marked" time="2.438" /></testsuite></testsuites>