<?xml version="1.0" encoding="utf-8"?><testsuites name="pytest tests"><testsuite name="pytest" errors="0" failures="0" skipped="0" tests="5" time="1.923" timestamp="2026-08-28T00:11:52.117207+00:00" hostname="agent-env-fa4bbced-dfa4-4812-a902-b04550a31392"><testcase classname="tests.test_smoke" name="test_root_api" time="0.341" /><testcase classname="tests.test_smoke" name="test_business" time="0.121" /><testcase classname="tests.test_smoke" name="test_services" time="0.192" /><testcase classname="tests.test_smoke" name="test_login_success" time="0.380" /><testcase classname="tests.test_smoke" name="test_login_bad" time="0.407" /></testsuite></testsuites>