<?xml version="1.0" encoding="utf-8"?><testsuites name="pytest tests"><testsuite name="pytest" errors="0" failures="0" skipped="0" tests="8" time="3.575" timestamp="2026-08-30T18:19:18.027597+00:00" hostname="agent-env-f727c723-4729-485a-a339-3eee22541004"><testcase classname="tests.test_iter14_cron_method.TestCronMethodAuth" name="test_get_no_auth_401" time="0.316" /><testcase classname="tests.test_iter14_cron_method.TestCronMethodAuth" name="test_post_no_auth_401" time="0.239" /><testcase classname="tests.test_iter14_cron_method.TestCronMethodAuth" name="test_get_bad_token_401" time="0.057" /><testcase classname="tests.test_iter14_cron_method.TestCronGetEndToEnd" name="test_get_triggers_reminder" time="2.932" /><testcase classname="tests.test_iter14_cron_method.TestCronMethodAuth" name="test_post_bad_token_401" time="0.098" /><testcase classname="tests.test_iter14_cron_method.TestCronMethodAuth" name="test_get_good_token_200" time="0.060" /><testcase classname="tests.test_iter14_cron_method.TestCronMethodAuth" name="test_post_good_token_200" time="0.052" /><testcase classname="tests.test_iter14_cron_method.TestCronMethodAuth" name="test_put_not_allowed" time="0.089" /></testsuite></testsuites>