<?xml version="1.0" encoding="utf-8"?><testsuites name="pytest tests"><testsuite name="pytest" errors="0" failures="0" skipped="0" tests="12" time="4.342" timestamp="2026-08-28T20:09:07.895909+00:00" hostname="agent-env-f727c723-4729-485a-a339-3eee22541004"><testcase classname="tests.test_iter11_batch.TestCatalog" name="test_services" time="0.363" /><testcase classname="tests.test_iter11_batch.TestCatalog" name="test_working_hours" time="0.223" /><testcase classname="tests.test_iter11_batch.TestAuth" name="test_login_ok" time="0.628" /><testcase classname="tests.test_iter11_batch.TestAuth" name="test_login_bad_password" time="0.502" /><testcase classname="tests.test_iter11_batch.TestCatalog" name="test_admin_lists" time="0.623" /><testcase classname="tests.test_iter11_batch.TestAuth" name="test_me_with_token" time="0.064" /><testcase classname="tests.test_iter11_batch.TestAuth" name="test_me_without_token" time="0.062" /><testcase classname="tests.test_iter11_batch.TestBooking" name="test_availability_invalid_service" time="0.123" /><testcase classname="tests.test_iter11_batch.TestAuth" name="test_protected_endpoints_require_auth" time="0.237" /><testcase classname="tests.test_iter11_batch.TestBooking" name="test_create_appointment_e2e" time="0.771" /><testcase classname="tests.test_iter11_batch.TestBusiness" name="test_business_address" time="0.103" /><testcase classname="tests.test_iter11_batch.TestBooking" name="test_max_two_active_per_phone" time="1.664" /></testsuite></testsuites>