<?xml version="1.0" encoding="utf-8"?><testsuites name="pytest tests"><testsuite name="pytest" errors="0" failures="0" skipped="0" tests="7" time="3.636" timestamp="2026-09-15T10:14:51.402780+00:00" hostname="agent-env-b5d4c60b-666c-476a-9e25-c8b2907622ec"><testcase classname="tests.test_lunch_break" name="test_working_hours_includes_lunch" time="0.199" /><testcase classname="tests.test_lunch_break" name="test_lunch_break_requires_admin" time="0.173" /><testcase classname="tests.test_lunch_break" name="test_lunch_blocks_slots_when_enabled" time="1.277" /><testcase classname="tests.test_lunch_break" name="test_lunch_disabled_shows_slots" time="0.327" /><testcase classname="tests.test_lunch_break" name="test_lunch_reenabled_blocks_again" time="0.355" /><testcase classname="tests.test_lunch_break" name="test_lunch_applies_all_days" time="0.512" /><testcase classname="tests.test_lunch_break" name="test_lunch_with_schedule_override" time="0.622" /></testsuite></testsuites>