<?xml version="1.0" encoding="utf-8"?><testsuites name="pytest tests"><testsuite name="pytest" errors="0" failures="0" skipped="0" tests="11" time="6.998" timestamp="2026-09-14T21:37:49.907848+00:00" hostname="agent-env-b5d4c60b-666c-476a-9e25-c8b2907622ec"><testcase classname="tests.backend_test.TestAvailabilityOverride" name="test_base_availability" time="0.985" /><testcase classname="tests.backend_test.TestBasics" name="test_services_list" time="1.137" /><testcase classname="tests.backend_test.TestAvailabilityOverride" name="test_override_creates_earlier_slots" time="0.833" /><testcase classname="tests.backend_test.TestBasics" name="test_working_hours_default" time="0.866" /><testcase classname="tests.backend_test.TestAvailabilityOverride" name="test_other_date_uses_base" time="0.766" /><testcase classname="tests.backend_test.TestAppointments" name="test_book_and_reject_invalid_slot" time="1.320" /><testcase classname="tests.backend_test.TestAvailabilityOverride" name="test_delete_override_reverts_to_base" time="0.936" /><testcase classname="tests.backend_test.TestAvailabilityOverride" name="test_disabled_override_empty_slots" time="0.716" /><testcase classname="tests.backend_test.TestAvailabilityOverride" name="test_list_overrides_range" time="0.735" /><testcase classname="tests.backend_test.TestAvailabilityOverride" name="test_get_override_404_when_missing" time="0.616" /><testcase classname="tests.backend_test.TestAvailabilityOverride" name="test_day_schedule_override_and_base" time="0.785" /></testsuite></testsuites>