<?xml version="1.0" encoding="utf-8"?><testsuites name="pytest tests"><testsuite name="pytest" errors="0" failures="0" skipped="0" tests="4" time="3.554" timestamp="2026-08-26T20:15:18.070341+00:00" hostname="agent-env-fa4bbced-dfa4-4812-a902-b04550a31392"><testcase classname="tests.test_appointments" name="test_booking_without_booker_name" time="0.884" /><testcase classname="tests.test_appointments" name="test_booking_with_booker_name" time="0.398" /><testcase classname="tests.test_appointments" name="test_two_limit_blocks_third" time="0.469" /><testcase classname="tests.test_appointments" name="test_cancelled_do_not_count" time="1.296" /></testsuite></testsuites>