<?xml version="1.0" encoding="utf-8"?><testsuites name="pytest tests"><testsuite name="pytest" errors="0" failures="0" skipped="0" tests="8" time="4.130" timestamp="2026-09-14T21:59:15.407779+00:00" hostname="agent-env-b5d4c60b-666c-476a-9e25-c8b2907622ec"><testcase classname="tests.test_schedule_overrides" name="test_login_ok" time="0.566" /><testcase classname="tests.test_schedule_overrides" name="test_day_schedule_public_base" time="0.333" /><testcase classname="tests.test_schedule_overrides" name="test_create_override_and_availability" time="0.878" /><testcase classname="tests.test_schedule_overrides" name="test_thursday_no_override_stays_base" time="0.295" /><testcase classname="tests.test_schedule_overrides" name="test_delete_override_returns_to_base" time="0.459" /><testcase classname="tests.test_schedule_overrides" name="test_closed_day_override_empty_slots" time="0.426" /><testcase classname="tests.test_schedule_overrides" name="test_list_overrides_requires_auth" time="0.136" /><testcase classname="tests.test_schedule_overrides" name="test_list_overrides_range" time="0.520" /></testsuite></testsuites>